
> nextjs-15-social-media-app@0.1.0 build
> next build

  ▲ Next.js 15.0.0-rc.0
  - Experiments (use with caution):
    · staleTimes

   Creating an optimized production build ...
(node:85994) ExperimentalWarning: Type Stripping is an experimental feature and might change at any time
(Use `node --trace-warnings ...` to show where the warning was created)
 ✓ Compiled successfully
   Linting and checking validity of types ...
   Collecting page data ...
   Generating static pages (0/19) ...
   Generating static pages (4/19) 
   Generating static pages (9/19) 
   Generating static pages (14/19) 
 ✓ Generating static pages (19/19)
   Finalizing page optimization ...
   Collecting build traces ...

Route (app)                              Size     First Load JS
┌ ƒ /                                    94.2 kB         288 kB
├ ○ /_not-found                          901 B          90.2 kB
├ ƒ /api/auth/callback/google            0 B                0 B
├ ƒ /api/clear-uploads                   0 B                0 B
├ ƒ /api/get-token                       0 B                0 B
├ ƒ /api/messages/unread-count           0 B                0 B
├ ƒ /api/notifications                   0 B                0 B
├ ƒ /api/notifications/mark-as-read      0 B                0 B
├ ƒ /api/notifications/unread-count      0 B                0 B
├ ƒ /api/posts/[postId]/bookmark         0 B                0 B
├ ƒ /api/posts/[postId]/comments         0 B                0 B
├ ƒ /api/posts/[postId]/likes            0 B                0 B
├ ƒ /api/posts/bookmarked                0 B                0 B
├ ƒ /api/posts/following                 0 B                0 B
├ ƒ /api/posts/for-you                   0 B                0 B
├ ƒ /api/search                          0 B                0 B
├ ƒ /api/uploadthing                     0 B                0 B
├ ƒ /api/users/[userId]/followers        0 B                0 B
├ ƒ /api/users/[userId]/posts            0 B                0 B
├ ƒ /api/users/username/[username]       0 B                0 B
├ ƒ /bookmarks                           4.67 kB         175 kB
├ ƒ /login                               3.68 kB         144 kB
├ ƒ /login/google                        0 B                0 B
├ ƒ /messages                            327 kB          466 kB
├ ƒ /notifications                       2.8 kB          154 kB
├ ƒ /posts/[postId]                      2.85 kB         173 kB
├ ƒ /search                              4.68 kB         175 kB
├ ƒ /signup                              3.69 kB         144 kB
└ ƒ /users/[username]                    18.5 kB         235 kB
+ First Load JS shared by all            89.3 kB
  ├ chunks/3182-e672bd9478c84e44.js      35.7 kB
  ├ chunks/4bd1b696-4dae8c77551f0a56.js  51.5 kB
  └ other shared chunks (total)          2.12 kB


○  (Static)   prerendered as static content
ƒ  (Dynamic)  server-rendered on demand

